#-----------------------------------------------------------
# Vivado v2017.4 (64-bit)
# SW Build 2086221 on Fri Dec 15 20:55:39 MST 2017
# IP Build 2085800 on Fri Dec 15 22:25:07 MST 2017
# Start of session at: Mon May 13 21:20:32 2024
# Process ID: 27828
# Current directory: D:/vivado/CPU_project
# Command line: vivado.exe -gui_launcher_event rodinguilauncherevent2180 D:\vivado\CPU_project\CPU_project.xpr
# Log file: D:/vivado/CPU_project/vivado.log
# Journal file: D:/vivado/CPU_project\vivado.jou
#-----------------------------------------------------------
start_gui
open_project D:/vivado/CPU_project/CPU_project.xpr
Scanning sources...
Finished scanning sources
INFO: [IP_Flow 19-234] Refreshing IP repositories
INFO: [IP_Flow 19-1700] Loaded user IP repository 'c:/Users/¼û/Desktop/uart_tools/uart_tools/SEU_CSE_507_user_uart_bmpg_1.3'.
INFO: [IP_Flow 19-2313] Loaded Vivado IP repository 'D:/software/vivado/Vivado/2017.4/data/ip'.
open_project: Time (s): cpu = 00:00:06 ; elapsed = 00:00:07 . Memory (MB): peak = 788.551 ; gain = 37.086
update_compile_order -fileset sources_1
