#-----------------------------------------------------------
# Vivado v2023.2 (64-bit)
# SW Build 4029153 on Fri Oct 13 20:14:34 MDT 2023
# IP Build 4028589 on Sat Oct 14 00:45:43 MDT 2023
# SharedData Build 4025554 on Tue Oct 10 17:18:54 MDT 2023
# Start of session at: Thu May 23 20:24:13 2024
# Process ID: 19528
# Current directory: D:/2024SPR/verilog/PipelineCPU
# Command line: vivado.exe -gui_launcher_event rodinguilauncherevent19864 D:\2024SPR\verilog\PipelineCPU\PipelineCPU.xpr
# Log file: D:/2024SPR/verilog/PipelineCPU/vivado.log
# Journal file: D:/2024SPR/verilog/PipelineCPU\vivado.jou
# Running On: LAPTOP-MF20BKH7, OS: Windows, CPU Frequency: 3993 MHz, CPU Physical cores: 16, Host memory: 16345 MB
#-----------------------------------------------------------
start_gui
open_project D:/2024SPR/verilog/PipelineCPU/PipelineCPU.xpr
WARNING: [Board 49-26] cannot add Board Part xilinx.com:kc705:part0:1.6 available at C:/Xilinx/Vivado/2023.2/data/xhub/boards/XilinxBoardStore/boards/Xilinx/kc705/1.6/board.xml as part xc7k325tffg900-2 specified in board_part file is either invalid or not available
WARNING: [Board 49-26] cannot add Board Part xilinx.com:kcu105:part0:1.6 available at C:/Xilinx/Vivado/2023.2/data/xhub/boards/XilinxBoardStore/boards/Xilinx/kcu105/1.6/board.xml as part xcku040-ffva1156-2-e specified in board_part file is either invalid or not available
WARNING: [Board 49-26] cannot add Board Part xilinx.com:kcu105:part0:1.7 available at C:/Xilinx/Vivado/2023.2/data/xhub/boards/XilinxBoardStore/boards/Xilinx/kcu105/1.7/board.xml as part xcku040-ffva1156-2-e specified in board_part file is either invalid or not available
WARNING: [Board 49-26] cannot add Board Part xilinx.com:kcu1500:part0:1.2 available at C:/Xilinx/Vivado/2023.2/data/xhub/boards/XilinxBoardStore/boards/Xilinx/kcu1500/1.2/board.xml as part xcku115-flvb2104-2-e specified in board_part file is either invalid or not available
WARNING: [Board 49-26] cannot add Board Part xilinx.com:vc707:part0:1.4 available at C:/Xilinx/Vivado/2023.2/data/xhub/boards/XilinxBoardStore/boards/Xilinx/vc707/1.4/board.xml as part xc7vx485tffg1761-2 specified in board_part file is either invalid or not available
WARNING: [Board 49-26] cannot add Board Part xilinx.com:vc709:part0:1.8 available at C:/Xilinx/Vivado/2023.2/data/xhub/boards/XilinxBoardStore/boards/Xilinx/vc709/1.8/board.xml as part xc7vx690tffg1761-2 specified in board_part file is either invalid or not available
WARNING: [Board 49-26] cannot add Board Part xilinx.com:vck190:part0:2.2 available at C:/Xilinx/Vivado/2023.2/data/xhub/boards/XilinxBoardStore/boards/Xilinx/vck190/production/2.2/board.xml as part xcvc1902-vsva2197-2mp-e-s specified in board_part file is either invalid or not available
WARNING: [Board 49-26] cannot add Board Part xilinx.com:vck190:part0:3.0 available at C:/Xilinx/Vivado/2023.2/data/xhub/boards/XilinxBoardStore/boards/Xilinx/vck190/production/3.0/board.xml as part xcvc1902-vsva2197-2mp-e-s specified in board_part file is either invalid or not available
WARNING: [Board 49-26] cannot add Board Part xilinx.com:vck190:part0:3.1 available at C:/Xilinx/Vivado/2023.2/data/xhub/boards/XilinxBoardStore/boards/Xilinx/vck190/production/3.1/board.xml as part xcvc1902-vsva2197-2mp-e-s specified in board_part file is either invalid or not available
WARNING: [Board 49-26] cannot add Board Part xilinx.com:vck190:part0:3.2 available at C:/Xilinx/Vivado/2023.2/data/xhub/boards/XilinxBoardStore/boards/Xilinx/vck190/production/3.2/board.xml as part xcvc1902-vsva2197-2mp-e-s specified in board_part file is either invalid or not available
WARNING: [Board 49-26] cannot add Board Part xilinx.com:vck190_newl:part0:1.0 available at C:/Xilinx/Vivado/2023.2/data/xhub/boards/XilinxBoardStore/boards/Xilinx/vck190_newl/production/1.0/board.xml as part xcvc1902-vsva2197-2mp-e-s specified in board_part file is either invalid or not available
WARNING: [Board 49-26] cannot add Board Part xilinx.com:vck190_newl:part0:1.1 available at C:/Xilinx/Vivado/2023.2/data/xhub/boards/XilinxBoardStore/boards/Xilinx/vck190_newl/production/1.1/board.xml as part xcvc1902-vsva2197-2mp-e-s specified in board_part file is either invalid or not available
WARNING: [Board 49-26] cannot add Board Part xilinx.com:vcu108:part0:1.6 available at C:/Xilinx/Vivado/2023.2/data/xhub/boards/XilinxBoardStore/boards/Xilinx/vcu108/1.6/board.xml as part xcvu095-ffva2104-2-e specified in board_part file is either invalid or not available
WARNING: [Board 49-26] cannot add Board Part xilinx.com:vcu108:part0:1.7 available at C:/Xilinx/Vivado/2023.2/data/xhub/boards/XilinxBoardStore/boards/Xilinx/vcu108/1.7/board.xml as part xcvu095-ffva2104-2-e specified in board_part file is either invalid or not available
WARNING: [Board 49-26] cannot add Board Part xilinx.com:vcu110:part0:1.4 available at C:/Xilinx/Vivado/2023.2/data/xhub/boards/XilinxBoardStore/boards/Xilinx/vcu110/1.4/board.xml as part xcvu190-flgc2104-2-e specified in board_part file is either invalid or not available
WARNING: [Board 49-26] cannot add Board Part xilinx.com:vcu118:part0:2.0 available at C:/Xilinx/Vivado/2023.2/data/xhub/boards/XilinxBoardStore/boards/Xilinx/vcu118/2.0/board.xml as part xcvu9p-flga2104-2l-e specified in board_part file is either invalid or not available
WARNING: [Board 49-26] cannot add Board Part xilinx.com:vcu118:part0:2.3 available at C:/Xilinx/Vivado/2023.2/data/xhub/boards/XilinxBoardStore/boards/Xilinx/vcu118/2.3/board.xml as part xcvu9p-flga2104-2l-e specified in board_part file is either invalid or not available
WARNING: [Board 49-26] cannot add Board Part xilinx.com:vcu118:part0:2.4 available at C:/Xilinx/Vivado/2023.2/data/xhub/boards/XilinxBoardStore/boards/Xilinx/vcu118/2.4/board.xml as part xcvu9p-flga2104-2l-e specified in board_part file is either invalid or not available
WARNING: [Board 49-26] cannot add Board Part xilinx.com:vcu129:part0:1.0 available at C:/Xilinx/Vivado/2023.2/data/xhub/boards/XilinxBoardStore/boards/Xilinx/vcu129/production/1.0/board.xml as part xcvu29p-fsga2577-2l-e specified in board_part file is either invalid or not available
WARNING: [Board 49-26] cannot add Board Part xilinx.com:vcu1525:part0:1.3 available at C:/Xilinx/Vivado/2023.2/data/xhub/boards/XilinxBoardStore/boards/Xilinx/vcu1525/1.3/board.xml as part xcvu9p-fsgd2104-2l-e specified in board_part file is either invalid or not available
WARNING: [Board 49-26] cannot add Board Part xilinx.com:vek280:part0:1.0 available at C:/Xilinx/Vivado/2023.2/data/xhub/boards/XilinxBoardStore/boards/Xilinx/vek280/production/1.0/board.xml as part xcve2802-vsvh1760-2mp-e-s specified in board_part file is either invalid or not available
WARNING: [Board 49-26] cannot add Board Part xilinx.com:vek280_es:part0:1.0 available at C:/Xilinx/Vivado/2023.2/data/xhub/boards/XilinxBoardStore/boards/Xilinx/vek280/es/rev_a/1.0/board.xml as part xcve2802-vsvh1760-2lp-e-s-es1 specified in board_part file is either invalid or not available
WARNING: [Board 49-26] cannot add Board Part xilinx.com:vek280_es:part0:1.1 available at C:/Xilinx/Vivado/2023.2/data/xhub/boards/XilinxBoardStore/boards/Xilinx/vek280/es/rev_a/1.1/board.xml as part xcve2802-vsvh1760-2lp-e-s-es1 specified in board_part file is either invalid or not available
WARNING: [Board 49-26] cannot add Board Part xilinx.com:vek280_es_revb:part0:1.0 available at C:/Xilinx/Vivado/2023.2/data/xhub/boards/XilinxBoardStore/boards/Xilinx/vek280/es/rev_b/1.0/board.xml as part xcve2802-vsvh1760-2mp-e-s-es1 specified in board_part file is either invalid or not available
WARNING: [Board 49-26] cannot add Board Part xilinx.com:vek280_es_revb:part0:1.1 available at C:/Xilinx/Vivado/2023.2/data/xhub/boards/XilinxBoardStore/boards/Xilinx/vek280/es/rev_b/1.1/board.xml as part xcve2802-vsvh1760-2mp-e-s-es1 specified in board_part file is either invalid or not available
WARNING: [Board 49-26] cannot add Board Part xilinx.com:vermeo_t1_mpsoc:part0:1.0 available at C:/Xilinx/Vivado/2023.2/data/xhub/boards/XilinxBoardStore/boards/Xilinx/vermeo_t1_mpsoc/1.0/board.xml as part xczu19eg-ffvd1760-2l-e specified in board_part file is either invalid or not available
WARNING: [Board 49-26] cannot add Board Part xilinx.com:vermeo_t1_rfsoc:part0:1.0 available at C:/Xilinx/Vivado/2023.2/data/xhub/boards/XilinxBoardStore/boards/Xilinx/vermeo_t1_rfsoc/1.0/board.xml as part xczu21dr-ffvd1156-2l-e specified in board_part file is either invalid or not available
WARNING: [Board 49-26] cannot add Board Part xilinx.com:vhk158:part0:1.0 available at C:/Xilinx/Vivado/2023.2/data/xhub/boards/XilinxBoardStore/boards/Xilinx/vhk158/production/1.0/board.xml as part xcvh1582-vsva3697-2mp-e-s specified in board_part file is either invalid or not available
WARNING: [Board 49-26] cannot add Board Part xilinx.com:vhk158:part0:1.1 available at C:/Xilinx/Vivado/2023.2/data/xhub/boards/XilinxBoardStore/boards/Xilinx/vhk158/production/1.1/board.xml as part xcvh1582-vsva3697-2mp-e-s specified in board_part file is either invalid or not available
WARNING: [Board 49-26] cannot add Board Part xilinx.com:vhk158_es:part0:1.0 available at C:/Xilinx/Vivado/2023.2/data/xhub/boards/XilinxBoardStore/boards/Xilinx/vhk158/es/1.0/board.xml as part xcvh1582-vsva3697-2mp-e-s-es1 specified in board_part file is either invalid or not available
WARNING: [Board 49-26] cannot add Board Part xilinx.com:vhk158_es:part0:1.1 available at C:/Xilinx/Vivado/2023.2/data/xhub/boards/XilinxBoardStore/boards/Xilinx/vhk158/es/1.1/board.xml as part xcvh1582-vsva3697-2mp-e-s-es1 specified in board_part file is either invalid or not available
WARNING: [Board 49-26] cannot add Board Part xilinx.com:vmk180:part0:2.2 available at C:/Xilinx/Vivado/2023.2/data/xhub/boards/XilinxBoardStore/boards/Xilinx/vmk180/production/2.2/board.xml as part xcvm1802-vsva2197-2mp-e-s specified in board_part file is either invalid or not available
WARNING: [Board 49-26] cannot add Board Part xilinx.com:vmk180:part0:3.0 available at C:/Xilinx/Vivado/2023.2/data/xhub/boards/XilinxBoardStore/boards/Xilinx/vmk180/production/3.0/board.xml as part xcvm1802-vsva2197-2mp-e-s specified in board_part file is either invalid or not available
WARNING: [Board 49-26] cannot add Board Part xilinx.com:vmk180:part0:3.1 available at C:/Xilinx/Vivado/2023.2/data/xhub/boards/XilinxBoardStore/boards/Xilinx/vmk180/production/3.1/board.xml as part xcvm1802-vsva2197-2mp-e-s specified in board_part file is either invalid or not available
WARNING: [Board 49-26] cannot add Board Part xilinx.com:vmk180:part0:3.2 available at C:/Xilinx/Vivado/2023.2/data/xhub/boards/XilinxBoardStore/boards/Xilinx/vmk180/production/3.2/board.xml as part xcvm1802-vsva2197-2mp-e-s specified in board_part file is either invalid or not available
WARNING: [Board 49-26] cannot add Board Part xilinx.com:vmk180_newl:part0:1.0 available at C:/Xilinx/Vivado/2023.2/data/xhub/boards/XilinxBoardStore/boards/Xilinx/vmk180_newl/production/1.0/board.xml as part xcvm1802-vsva2197-2mp-e-s specified in board_part file is either invalid or not available
WARNING: [Board 49-26] cannot add Board Part xilinx.com:vmk180_newl:part0:1.1 available at C:/Xilinx/Vivado/2023.2/data/xhub/boards/XilinxBoardStore/boards/Xilinx/vmk180_newl/production/1.1/board.xml as part xcvm1802-vsva2197-2mp-e-s specified in board_part file is either invalid or not available
WARNING: [Board 49-26] cannot add Board Part xilinx.com:vpk120:part0:1.0 available at C:/Xilinx/Vivado/2023.2/data/xhub/boards/XilinxBoardStore/boards/Xilinx/vpk120/production/1.0/board.xml as part xcvp1202-vsva2785-2mp-e-s specified in board_part file is either invalid or not available
WARNING: [Board 49-26] cannot add Board Part xilinx.com:vpk120:part0:1.1 available at C:/Xilinx/Vivado/2023.2/data/xhub/boards/XilinxBoardStore/boards/Xilinx/vpk120/production/1.1/board.xml as part xcvp1202-vsva2785-2mp-e-s specified in board_part file is either invalid or not available
WARNING: [Board 49-26] cannot add Board Part xilinx.com:vpk120:part0:1.2 available at C:/Xilinx/Vivado/2023.2/data/xhub/boards/XilinxBoardStore/boards/Xilinx/vpk120/production/1.2/board.xml as part xcvp1202-vsva2785-2mp-e-s specified in board_part file is either invalid or not available
WARNING: [Board 49-26] cannot add Board Part xilinx.com:vpk180:part0:1.0 available at C:/Xilinx/Vivado/2023.2/data/xhub/boards/XilinxBoardStore/boards/Xilinx/vpk180/production/1.0/board.xml as part xcvp1802-lsvc4072-2mp-e-s specified in board_part file is either invalid or not available
WARNING: [Board 49-26] cannot add Board Part xilinx.com:vpk180:part0:1.1 available at C:/Xilinx/Vivado/2023.2/data/xhub/boards/XilinxBoardStore/boards/Xilinx/vpk180/production/1.1/board.xml as part xcvp1802-lsvc4072-2mp-e-s specified in board_part file is either invalid or not available
WARNING: [Board 49-26] cannot add Board Part xilinx.com:zc706:part0:1.4 available at C:/Xilinx/Vivado/2023.2/data/xhub/boards/XilinxBoardStore/boards/Xilinx/zc706/1.4/board.xml as part xc7z045ffg900-2 specified in board_part file is either invalid or not available
WARNING: [Board 49-26] cannot add Board Part xilinx.com:zcu102:part0:3.3 available at C:/Xilinx/Vivado/2023.2/data/xhub/boards/XilinxBoardStore/boards/Xilinx/zcu102/3.3/board.xml as part xczu9eg-ffvb1156-2-e specified in board_part file is either invalid or not available
WARNING: [Board 49-26] cannot add Board Part xilinx.com:zcu102:part0:3.4 available at C:/Xilinx/Vivado/2023.2/data/xhub/boards/XilinxBoardStore/boards/Xilinx/zcu102/3.4/board.xml as part xczu9eg-ffvb1156-2-e specified in board_part file is either invalid or not available
WARNING: [Board 49-26] cannot add Board Part xilinx.com:zcu111:part0:1.2 available at C:/Xilinx/Vivado/2023.2/data/xhub/boards/XilinxBoardStore/boards/Xilinx/zcu111/1.2/board.xml as part xczu28dr-ffvg1517-2-e specified in board_part file is either invalid or not available
WARNING: [Board 49-26] cannot add Board Part xilinx.com:zcu111:part0:1.3 available at C:/Xilinx/Vivado/2023.2/data/xhub/boards/XilinxBoardStore/boards/Xilinx/zcu111/1.3/board.xml as part xczu28dr-ffvg1517-2-e specified in board_part file is either invalid or not available
WARNING: [Board 49-26] cannot add Board Part xilinx.com:zcu111:part0:1.4 available at C:/Xilinx/Vivado/2023.2/data/xhub/boards/XilinxBoardStore/boards/Xilinx/zcu111/1.4/board.xml as part xczu28dr-ffvg1517-2-e specified in board_part file is either invalid or not available
WARNING: [Board 49-26] cannot add Board Part xilinx.com:zcu1275:part0:1.0 available at C:/Xilinx/Vivado/2023.2/data/xhub/boards/XilinxBoardStore/boards/Xilinx/zcu1275/1.0/board.xml as part xczu29dr-ffvf1760-2-e specified in board_part file is either invalid or not available
WARNING: [Board 49-26] cannot add Board Part xilinx.com:zcu1285:part0:1.0 available at C:/Xilinx/Vivado/2023.2/data/xhub/boards/XilinxBoardStore/boards/Xilinx/zcu1285/1.0/board.xml as part xczu39dr-ffvf1760-2-i specified in board_part file is either invalid or not available
WARNING: [Board 49-26] cannot add Board Part xilinx.com:zcu208:part0:2.0 available at C:/Xilinx/Vivado/2023.2/data/xhub/boards/XilinxBoardStore/boards/Xilinx/zcu208/production/2.0/board.xml as part xczu48dr-fsvg1517-2-e specified in board_part file is either invalid or not available
WARNING: [Board 49-26] cannot add Board Part xilinx.com:zcu208ld:part0:2.0 available at C:/Xilinx/Vivado/2023.2/data/xhub/boards/XilinxBoardStore/boards/Xilinx/zcu208ld/production/2.0/board.xml as part xczu58dr-fsvg1517-2-i specified in board_part file is either invalid or not available
WARNING: [Board 49-26] cannot add Board Part xilinx.com:zcu216:part0:2.0 available at C:/Xilinx/Vivado/2023.2/data/xhub/boards/XilinxBoardStore/boards/Xilinx/zcu216/production/2.0/board.xml as part xczu49dr-ffvf1760-2-e specified in board_part file is either invalid or not available
WARNING: [Board 49-26] cannot add Board Part xilinx.com:zcu216ld:part0:2.0 available at C:/Xilinx/Vivado/2023.2/data/xhub/boards/XilinxBoardStore/boards/Xilinx/zcu216ld/production/2.0/board.xml as part xczu59dr-ffvf1760-2-i specified in board_part file is either invalid or not available
WARNING: [Board 49-26] cannot add Board Part xilinx.com:zcu670:part0:2.0 available at C:/Xilinx/Vivado/2023.2/data/xhub/boards/XilinxBoardStore/boards/Xilinx/zcu670/2.0/board.xml as part xczu67dr-fsve1156-2-i specified in board_part file is either invalid or not available
WARNING: [Board 49-26] cannot add Board Part xilinx.com:zcu670ld:part0:1.0 available at C:/Xilinx/Vivado/2023.2/data/xhub/boards/XilinxBoardStore/boards/Xilinx/zcu670ld/1.0/board.xml as part xczu57dr-fsve1156-2-i specified in board_part file is either invalid or not available
Scanning sources...
Finished scanning sources
INFO: [IP_Flow 19-234] Refreshing IP repositories
INFO: [IP_Flow 19-1704] No user IP repositories specified
INFO: [IP_Flow 19-2313] Loaded Vivado IP repository 'C:/Xilinx/Vivado/2023.2/data/ip'.
open_project: Time (s): cpu = 00:00:08 ; elapsed = 00:00:09 . Memory (MB): peak = 1516.703 ; gain = 313.371
update_compile_order -fileset sources_1
launch_simulation
Command: launch_simulation 
INFO: [Vivado 12-12493] Simulation top is 'tb'
WARNING: [Vivado 12-13340] Unable to auto find GCC executables from simulator install path! (path not set)
INFO: [Vivado 12-5698] Checking validity of IPs in the design for the 'XSim' simulator...
INFO: [Vivado 12-5682] Launching behavioral simulation in 'D:/2024SPR/verilog/PipelineCPU/PipelineCPU.sim/sim_1/behav/xsim'
INFO: [Vivado 12-13660] Precompiled IP simulation library mode is enabled (default). The design IP libraries will be referenced from the compiled library path. Please note that if the precompiled version of the library is not found from the path or the IP is in locked state, then the library source files for these IPs will be compiled locally as part of the compile order.
INFO: [Vivado 12-4795] Using compiled simulation libraries for IPs
INFO: [SIM-utils-51] Simulation object is 'sim_1'
INFO: [SIM-utils-72] Using boost library from 'C:/Xilinx/Vivado/2023.2/tps/boost_1_72_0'
INFO: [USF-XSim-7] Finding pre-compiled libraries...
INFO: [USF-XSim-11] File 'C:/Xilinx/Vivado/2023.2/data/xsim/xsim.ini' copied to run dir:'D:/2024SPR/verilog/PipelineCPU/PipelineCPU.sim/sim_1/behav/xsim'
INFO: [SIM-utils-54] Inspecting design source files for 'tb' in fileset 'sim_1'...
INFO: [SIM-utils-43] Exported 'D:/2024SPR/verilog/PipelineCPU/PipelineCPU.sim/sim_1/behav/xsim/DRAM.mif'
INFO: [SIM-utils-43] Exported 'D:/2024SPR/verilog/PipelineCPU/PipelineCPU.sim/sim_1/behav/xsim/testram.coe'
INFO: [SIM-utils-43] Exported 'D:/2024SPR/verilog/PipelineCPU/PipelineCPU.sim/sim_1/behav/xsim/InstMem.mif'
INFO: [SIM-utils-43] Exported 'D:/2024SPR/verilog/PipelineCPU/PipelineCPU.sim/sim_1/behav/xsim/testrom.coe'
INFO: [USF-XSim-97] Finding global include files...
INFO: [USF-XSim-98] Fetching design files from 'sim_1'...
INFO: [USF-XSim-2] XSim::Compile design
INFO: [USF-XSim-61] Executing 'COMPILE and ANALYZE' step in 'D:/2024SPR/verilog/PipelineCPU/PipelineCPU.sim/sim_1/behav/xsim'
"xvlog --relax -prj tb_vlog.prj"
ECHO 处于关闭状态。
ECHO 处于关闭状态。
INFO: [VRFC 10-2263] Analyzing Verilog file "D:/2024SPR/verilog/PipelineCPU/PipelineCPU.gen/sources_1/ip/DRAM/sim/DRAM.v" into library xil_defaultlib
INFO: [VRFC 10-311] analyzing module DRAM
INFO: [VRFC 10-2263] Analyzing Verilog file "D:/2024SPR/verilog/PipelineCPU/PipelineCPU.gen/sources_1/ip/InstMem/sim/InstMem.v" into library xil_defaultlib
INFO: [VRFC 10-311] analyzing module InstMem
INFO: [VRFC 10-2263] Analyzing Verilog file "D:/2024SPR/verilog/PipelineCPU/PipelineCPU.gen/sources_1/ip/cpuclk/cpuclk_clk_wiz.v" into library xil_defaultlib
INFO: [VRFC 10-311] analyzing module cpuclk_clk_wiz
INFO: [VRFC 10-2263] Analyzing Verilog file "D:/2024SPR/verilog/PipelineCPU/PipelineCPU.gen/sources_1/ip/cpuclk/cpuclk.v" into library xil_defaultlib
INFO: [VRFC 10-311] analyzing module cpuclk
INFO: [VRFC 10-2263] Analyzing Verilog file "D:/2024SPR/verilog/PipelineCPU/PipelineCPU.srcs/sources_1/new/ALU.v" into library xil_defaultlib
INFO: [VRFC 10-311] analyzing module ALU
INFO: [VRFC 10-311] analyzing module MUX
INFO: [VRFC 10-311] analyzing module ALUControl
INFO: [VRFC 10-311] analyzing module ALUMain
INFO: [VRFC 10-2263] Analyzing Verilog file "D:/2024SPR/verilog/PipelineCPU/PipelineCPU.srcs/sources_1/new/DMem.v" into library xil_defaultlib
INFO: [VRFC 10-311] analyzing module DMem
INFO: [VRFC 10-2263] Analyzing Verilog file "D:/2024SPR/verilog/PipelineCPU/PipelineCPU.srcs/sources_1/new/EXtoMEMorIFetch.v" into library xil_defaultlib
INFO: [VRFC 10-311] analyzing module EXtoMEMorIFetch
INFO: [VRFC 10-2263] Analyzing Verilog file "D:/2024SPR/verilog/PipelineCPU/PipelineCPU.srcs/sources_1/new/Forwarding.v" into library xil_defaultlib
INFO: [VRFC 10-311] analyzing module Forwarding
INFO: [VRFC 10-2263] Analyzing Verilog file "D:/2024SPR/verilog/PipelineCPU/PipelineCPU.srcs/sources_1/new/ID.v" into library xil_defaultlib
INFO: [VRFC 10-311] analyzing module ID
INFO: [VRFC 10-311] analyzing module ImmGen
INFO: [VRFC 10-311] analyzing module RegisterFile
INFO: [VRFC 10-311] analyzing module WB
INFO: [VRFC 10-311] analyzing module Controller
INFO: [VRFC 10-311] analyzing module Stall
INFO: [VRFC 10-2263] Analyzing Verilog file "D:/2024SPR/verilog/PipelineCPU/PipelineCPU.srcs/sources_1/new/IFetch.v" into library xil_defaultlib
INFO: [VRFC 10-311] analyzing module IFetch
INFO: [VRFC 10-2263] Analyzing Verilog file "D:/2024SPR/verilog/PipelineCPU/PipelineCPU.srcs/sources_1/new/IFtoID.v" into library xil_defaultlib
INFO: [VRFC 10-311] analyzing module IFtoID
INFO: [VRFC 10-2263] Analyzing Verilog file "D:/2024SPR/verilog/PipelineCPU/PipelineCPU.srcs/sources_1/new/MemOrIO.v" into library xil_defaultlib
INFO: [VRFC 10-311] analyzing module MemOrIO
INFO: [VRFC 10-2263] Analyzing Verilog file "D:/2024SPR/verilog/PipelineCPU/PipelineCPU.srcs/sources_1/new/MemtoWB.v" into library xil_defaultlib
INFO: [VRFC 10-311] analyzing module MemtoWB
INFO: [VRFC 10-2263] Analyzing Verilog file "D:/2024SPR/verilog/PipelineCPU/PipelineCPU.srcs/sources_1/new/PC.v" into library xil_defaultlib
INFO: [VRFC 10-311] analyzing module PC
INFO: [VRFC 10-2263] Analyzing Verilog file "D:/2024SPR/verilog/PipelineCPU/PipelineCPU.srcs/sources_1/new/top.v" into library xil_defaultlib
INFO: [VRFC 10-311] analyzing module top
INFO: [VRFC 10-2263] Analyzing Verilog file "D:/2024SPR/verilog/PipelineCPU/PipelineCPU.srcs/sim_1/new/tb.v" into library xil_defaultlib
INFO: [VRFC 10-311] analyzing module tb
INFO: [VRFC 10-2263] Analyzing Verilog file "D:/2024SPR/verilog/PipelineCPU/PipelineCPU.sim/sim_1/behav/xsim/glbl.v" into library xil_defaultlib
INFO: [VRFC 10-311] analyzing module glbl
INFO: [USF-XSim-69] 'compile' step finished in '2' seconds
INFO: [USF-XSim-3] XSim::Elaborate design
INFO: [USF-XSim-61] Executing 'ELABORATE' step in 'D:/2024SPR/verilog/PipelineCPU/PipelineCPU.sim/sim_1/behav/xsim'
"xelab --debug typical --relax --mt 2 -L xil_defaultlib -L blk_mem_gen_v8_4_7 -L unisims_ver -L unimacro_ver -L secureip -L xpm --snapshot tb_behav xil_defaultlib.tb xil_defaultlib.glbl -log elaborate.log"
ECHO 处于关闭状态。
ECHO 处于关闭状态。
Vivado Simulator v2023.2
Copyright 1986-2022 Xilinx, Inc. All Rights Reserved.
Copyright 2022-2023 Advanced Micro Devices, Inc. All Rights Reserved.
Running: C:/Xilinx/Vivado/2023.2/bin/unwrapped/win64.o/xelab.exe --debug typical --relax --mt 2 -L xil_defaultlib -L blk_mem_gen_v8_4_7 -L unisims_ver -L unimacro_ver -L secureip -L xpm --snapshot tb_behav xil_defaultlib.tb xil_defaultlib.glbl -log elaborate.log 
Using 2 slave threads.
Starting static elaboration
Pass Through NonSizing Optimizer
WARNING: [VRFC 10-5021] port 'm_rdata' is not connected on this instance [D:/2024SPR/verilog/PipelineCPU/PipelineCPU.srcs/sources_1/new/top.v:101]
Completed static elaboration
Starting simulation data flow analysis
Completed simulation data flow analysis
Time Resolution for simulation is 1ps
Compiling module unisims_ver.IBUF
Compiling module unisims_ver.PLLE2_ADV(CLKFBOUT_MULT=42,CLKIN...
Compiling module unisims_ver.BUFG
Compiling module xil_defaultlib.cpuclk_clk_wiz
Compiling module xil_defaultlib.cpuclk
Compiling module blk_mem_gen_v8_4_7.blk_mem_gen_v8_4_7_output_stage(...
Compiling module blk_mem_gen_v8_4_7.blk_mem_gen_v8_4_7_softecc_outpu...
Compiling module blk_mem_gen_v8_4_7.blk_mem_gen_v8_4_7_mem_module(C_...
Compiling module blk_mem_gen_v8_4_7.blk_mem_gen_v8_4_7(C_FAMILY="art...
Compiling module xil_defaultlib.InstMem
Compiling module xil_defaultlib.IFetch
Compiling module xil_defaultlib.IFtoID
Compiling module xil_defaultlib.Controller
Compiling module xil_defaultlib.MUX
Compiling module xil_defaultlib.ALUControl
Compiling module xil_defaultlib.ALUMain
Compiling module xil_defaultlib.ALU
Compiling module xil_defaultlib.PC
Compiling module xil_defaultlib.ImmGen
Compiling module xil_defaultlib.WB
Compiling module xil_defaultlib.RegisterFile
Compiling module xil_defaultlib.Stall
Compiling module xil_defaultlib.ID
Compiling module xil_defaultlib.Forwarding
Compiling module xil_defaultlib.EXtoMEMorIFetch
Compiling module xil_defaultlib.MemOrIO
Compiling module blk_mem_gen_v8_4_7.blk_mem_gen_v8_4_7_mem_module(C_...
Compiling module blk_mem_gen_v8_4_7.blk_mem_gen_v8_4_7(C_FAMILY="art...
Compiling module xil_defaultlib.DRAM
Compiling module xil_defaultlib.DMem
Compiling module xil_defaultlib.MemtoWB
Compiling module xil_defaultlib.top
Compiling module xil_defaultlib.tb
Compiling module xil_defaultlib.glbl
Built simulation snapshot tb_behav
run_program: Time (s): cpu = 00:00:00 ; elapsed = 00:00:08 . Memory (MB): peak = 1539.773 ; gain = 0.000
INFO: [USF-XSim-69] 'elaborate' step finished in '8' seconds
INFO: [USF-XSim-4] XSim::Simulate design
INFO: [USF-XSim-61] Executing 'SIMULATE' step in 'D:/2024SPR/verilog/PipelineCPU/PipelineCPU.sim/sim_1/behav/xsim'
INFO: [USF-XSim-98] *** Running xsim
   with args "tb_behav -key {Behavioral:sim_1:Functional:tb} -tclbatch {tb.tcl} -log {simulate.log}"
INFO: [USF-XSim-8] Loading simulator feature
Time resolution is 1 ps
source tb.tcl
# set curr_wave [current_wave_config]
# if { [string length $curr_wave] == 0 } {
#   if { [llength [get_objects]] > 0} {
#     add_wave /
#     set_property needs_save false [current_wave_config]
#   } else {
#      send_msg_id Add_Wave-1 WARNING "No top level signals found. Simulator will start without a wave window. If you want to open a wave window go to 'File->New Waveform Configuration' or type 'create_wave_config' in the TCL console."
#   }
# }
# run 1000ns
 Block Memory Generator module loading initial data...
 Block Memory Generator data initialization complete.
Block Memory Generator module tb.dut.ifetch.imem.inst.\native_mem_module.blk_mem_gen_v8_4_7_inst  is using a behavioral model for simulation which will not precisely model memory collision behavior.
 Block Memory Generator module loading initial data...
 Block Memory Generator data initialization complete.
Block Memory Generator module tb.dut.dmem.udram.inst.\native_mem_module.blk_mem_gen_v8_4_7_inst  is using a behavioral model for simulation which will not precisely model memory collision behavior.
INFO: [USF-XSim-96] XSim completed. Design snapshot 'tb_behav' loaded.
INFO: [USF-XSim-97] XSim simulation ran for 1000ns
launch_simulation: Time (s): cpu = 00:00:02 ; elapsed = 00:00:15 . Memory (MB): peak = 1584.215 ; gain = 44.441
run all
run: Time (s): cpu = 00:00:01 ; elapsed = 00:00:07 . Memory (MB): peak = 1584.215 ; gain = 0.000
WARNING: [IP_Flow 19-4067] Ignoring invalid widget type specified checkbox.Providing a default widget
WARNING: [IP_Flow 19-4067] Ignoring invalid widget type specified checkbox.Providing a default widget
INFO: [IP_Flow 19-3484] Absolute path of file 'd:/2024SPR/verilog/project_test/uart_tools/testrom.coe' provided. It will be converted relative to IP Instance files '../../../../../project_test/uart_tools/testrom.coe'
set_property CONFIG.Coe_File {D:/2024SPR/verilog/project_test/uart_tools/testrom.coe} [get_ips InstMem]
INFO: [IP_Flow 19-3484] Absolute path of file 'd:/2024SPR/verilog/project_test/uart_tools/testrom.coe' provided. It will be converted relative to IP Instance files '../../../../../project_test/uart_tools/testrom.coe'
generate_target all [get_files  D:/2024SPR/verilog/PipelineCPU/PipelineCPU.srcs/sources_1/ip/InstMem/InstMem.xci]
INFO: [IP_Flow 19-1686] Generating 'Instantiation Template' target for IP 'InstMem'...
INFO: [IP_Flow 19-1686] Generating 'Synthesis' target for IP 'InstMem'...
INFO: [IP_Flow 19-1686] Generating 'Simulation' target for IP 'InstMem'...
INFO: [IP_Flow 19-1686] Generating 'Miscellaneous' target for IP 'InstMem'...
INFO: [IP_Flow 19-1686] Generating 'Change Log' target for IP 'InstMem'...
export_ip_user_files -of_objects [get_files D:/2024SPR/verilog/PipelineCPU/PipelineCPU.srcs/sources_1/ip/InstMem/InstMem.xci] -no_script -sync -force -quiet
export_simulation -of_objects [get_files D:/2024SPR/verilog/PipelineCPU/PipelineCPU.srcs/sources_1/ip/InstMem/InstMem.xci] -directory D:/2024SPR/verilog/PipelineCPU/PipelineCPU.ip_user_files/sim_scripts -ip_user_files_dir D:/2024SPR/verilog/PipelineCPU/PipelineCPU.ip_user_files -ipstatic_source_dir D:/2024SPR/verilog/PipelineCPU/PipelineCPU.ip_user_files/ipstatic -lib_map_path [list {modelsim=D:/2024SPR/verilog/PipelineCPU/PipelineCPU.cache/compile_simlib/modelsim} {questa=D:/2024SPR/verilog/PipelineCPU/PipelineCPU.cache/compile_simlib/questa} {riviera=D:/2024SPR/verilog/PipelineCPU/PipelineCPU.cache/compile_simlib/riviera} {activehdl=D:/2024SPR/verilog/PipelineCPU/PipelineCPU.cache/compile_simlib/activehdl}] -use_ip_compiled_libs -force -quiet
close_sim
INFO: [Simtcl 6-16] Simulation closed
launch_simulation
Command: launch_simulation 
INFO: [Vivado 12-12493] Simulation top is 'tb'
WARNING: [Vivado 12-13340] Unable to auto find GCC executables from simulator install path! (path not set)
INFO: [Vivado 12-5698] Checking validity of IPs in the design for the 'XSim' simulator...
INFO: [Vivado 12-5682] Launching behavioral simulation in 'D:/2024SPR/verilog/PipelineCPU/PipelineCPU.sim/sim_1/behav/xsim'
INFO: [Vivado 12-13660] Precompiled IP simulation library mode is enabled (default). The design IP libraries will be referenced from the compiled library path. Please note that if the precompiled version of the library is not found from the path or the IP is in locked state, then the library source files for these IPs will be compiled locally as part of the compile order.
INFO: [Vivado 12-4795] Using compiled simulation libraries for IPs
INFO: [SIM-utils-51] Simulation object is 'sim_1'
INFO: [SIM-utils-72] Using boost library from 'C:/Xilinx/Vivado/2023.2/tps/boost_1_72_0'
INFO: [USF-XSim-7] Finding pre-compiled libraries...
INFO: [USF-XSim-11] File 'C:/Xilinx/Vivado/2023.2/data/xsim/xsim.ini' copied to run dir:'D:/2024SPR/verilog/PipelineCPU/PipelineCPU.sim/sim_1/behav/xsim'
INFO: [SIM-utils-54] Inspecting design source files for 'tb' in fileset 'sim_1'...
INFO: [SIM-utils-43] Exported 'D:/2024SPR/verilog/PipelineCPU/PipelineCPU.sim/sim_1/behav/xsim/DRAM.mif'
INFO: [SIM-utils-43] Exported 'D:/2024SPR/verilog/PipelineCPU/PipelineCPU.sim/sim_1/behav/xsim/testram.coe'
INFO: [SIM-utils-43] Exported 'D:/2024SPR/verilog/PipelineCPU/PipelineCPU.sim/sim_1/behav/xsim/InstMem.mif'
INFO: [SIM-utils-43] Exported 'D:/2024SPR/verilog/PipelineCPU/PipelineCPU.sim/sim_1/behav/xsim/testrom.coe'
INFO: [USF-XSim-97] Finding global include files...
INFO: [USF-XSim-98] Fetching design files from 'sim_1'...
INFO: [USF-XSim-2] XSim::Compile design
INFO: [USF-XSim-61] Executing 'COMPILE and ANALYZE' step in 'D:/2024SPR/verilog/PipelineCPU/PipelineCPU.sim/sim_1/behav/xsim'
"xvlog --relax -prj tb_vlog.prj"
ECHO 处于关闭状态。
ECHO 处于关闭状态。
INFO: [VRFC 10-2263] Analyzing Verilog file "D:/2024SPR/verilog/PipelineCPU/PipelineCPU.gen/sources_1/ip/DRAM/sim/DRAM.v" into library xil_defaultlib
INFO: [VRFC 10-311] analyzing module DRAM
INFO: [VRFC 10-2263] Analyzing Verilog file "D:/2024SPR/verilog/PipelineCPU/PipelineCPU.gen/sources_1/ip/InstMem/sim/InstMem.v" into library xil_defaultlib
INFO: [VRFC 10-311] analyzing module InstMem
INFO: [VRFC 10-2263] Analyzing Verilog file "D:/2024SPR/verilog/PipelineCPU/PipelineCPU.gen/sources_1/ip/cpuclk/cpuclk_clk_wiz.v" into library xil_defaultlib
INFO: [VRFC 10-311] analyzing module cpuclk_clk_wiz
INFO: [VRFC 10-2263] Analyzing Verilog file "D:/2024SPR/verilog/PipelineCPU/PipelineCPU.gen/sources_1/ip/cpuclk/cpuclk.v" into library xil_defaultlib
INFO: [VRFC 10-311] analyzing module cpuclk
INFO: [VRFC 10-2263] Analyzing Verilog file "D:/2024SPR/verilog/PipelineCPU/PipelineCPU.srcs/sources_1/new/ALU.v" into library xil_defaultlib
INFO: [VRFC 10-311] analyzing module ALU
INFO: [VRFC 10-311] analyzing module MUX
INFO: [VRFC 10-311] analyzing module ALUControl
INFO: [VRFC 10-311] analyzing module ALUMain
INFO: [VRFC 10-2263] Analyzing Verilog file "D:/2024SPR/verilog/PipelineCPU/PipelineCPU.srcs/sources_1/new/DMem.v" into library xil_defaultlib
INFO: [VRFC 10-311] analyzing module DMem
INFO: [VRFC 10-2263] Analyzing Verilog file "D:/2024SPR/verilog/PipelineCPU/PipelineCPU.srcs/sources_1/new/EXtoMEMorIFetch.v" into library xil_defaultlib
INFO: [VRFC 10-311] analyzing module EXtoMEMorIFetch
INFO: [VRFC 10-2263] Analyzing Verilog file "D:/2024SPR/verilog/PipelineCPU/PipelineCPU.srcs/sources_1/new/Forwarding.v" into library xil_defaultlib
INFO: [VRFC 10-311] analyzing module Forwarding
INFO: [VRFC 10-2263] Analyzing Verilog file "D:/2024SPR/verilog/PipelineCPU/PipelineCPU.srcs/sources_1/new/ID.v" into library xil_defaultlib
INFO: [VRFC 10-311] analyzing module ID
INFO: [VRFC 10-311] analyzing module ImmGen
INFO: [VRFC 10-311] analyzing module RegisterFile
INFO: [VRFC 10-311] analyzing module WB
INFO: [VRFC 10-311] analyzing module Controller
INFO: [VRFC 10-311] analyzing module Stall
INFO: [VRFC 10-2263] Analyzing Verilog file "D:/2024SPR/verilog/PipelineCPU/PipelineCPU.srcs/sources_1/new/IFetch.v" into library xil_defaultlib
INFO: [VRFC 10-311] analyzing module IFetch
INFO: [VRFC 10-2263] Analyzing Verilog file "D:/2024SPR/verilog/PipelineCPU/PipelineCPU.srcs/sources_1/new/IFtoID.v" into library xil_defaultlib
INFO: [VRFC 10-311] analyzing module IFtoID
INFO: [VRFC 10-2263] Analyzing Verilog file "D:/2024SPR/verilog/PipelineCPU/PipelineCPU.srcs/sources_1/new/MemOrIO.v" into library xil_defaultlib
INFO: [VRFC 10-311] analyzing module MemOrIO
INFO: [VRFC 10-2263] Analyzing Verilog file "D:/2024SPR/verilog/PipelineCPU/PipelineCPU.srcs/sources_1/new/MemtoWB.v" into library xil_defaultlib
INFO: [VRFC 10-311] analyzing module MemtoWB
INFO: [VRFC 10-2263] Analyzing Verilog file "D:/2024SPR/verilog/PipelineCPU/PipelineCPU.srcs/sources_1/new/PC.v" into library xil_defaultlib
INFO: [VRFC 10-311] analyzing module PC
INFO: [VRFC 10-2263] Analyzing Verilog file "D:/2024SPR/verilog/PipelineCPU/PipelineCPU.srcs/sources_1/new/top.v" into library xil_defaultlib
INFO: [VRFC 10-311] analyzing module top
INFO: [VRFC 10-2263] Analyzing Verilog file "D:/2024SPR/verilog/PipelineCPU/PipelineCPU.srcs/sim_1/new/tb.v" into library xil_defaultlib
INFO: [VRFC 10-311] analyzing module tb
INFO: [VRFC 10-2263] Analyzing Verilog file "D:/2024SPR/verilog/PipelineCPU/PipelineCPU.sim/sim_1/behav/xsim/glbl.v" into library xil_defaultlib
INFO: [VRFC 10-311] analyzing module glbl
INFO: [USF-XSim-69] 'compile' step finished in '4' seconds
INFO: [USF-XSim-3] XSim::Elaborate design
INFO: [USF-XSim-61] Executing 'ELABORATE' step in 'D:/2024SPR/verilog/PipelineCPU/PipelineCPU.sim/sim_1/behav/xsim'
"xelab --debug typical --relax --mt 2 -L xil_defaultlib -L blk_mem_gen_v8_4_7 -L unisims_ver -L unimacro_ver -L secureip -L xpm --snapshot tb_behav xil_defaultlib.tb xil_defaultlib.glbl -log elaborate.log"
ECHO 处于关闭状态。
ECHO 处于关闭状态。
Vivado Simulator v2023.2
Copyright 1986-2022 Xilinx, Inc. All Rights Reserved.
Copyright 2022-2023 Advanced Micro Devices, Inc. All Rights Reserved.
Running: C:/Xilinx/Vivado/2023.2/bin/unwrapped/win64.o/xelab.exe --debug typical --relax --mt 2 -L xil_defaultlib -L blk_mem_gen_v8_4_7 -L unisims_ver -L unimacro_ver -L secureip -L xpm --snapshot tb_behav xil_defaultlib.tb xil_defaultlib.glbl -log elaborate.log 
Using 2 slave threads.
Starting static elaboration
Pass Through NonSizing Optimizer
WARNING: [VRFC 10-5021] port 'm_rdata' is not connected on this instance [D:/2024SPR/verilog/PipelineCPU/PipelineCPU.srcs/sources_1/new/top.v:101]
Completed static elaboration
Starting simulation data flow analysis
Completed simulation data flow analysis
Time Resolution for simulation is 1ps
Compiling module unisims_ver.IBUF
Compiling module unisims_ver.PLLE2_ADV(CLKFBOUT_MULT=42,CLKIN...
Compiling module unisims_ver.BUFG
Compiling module xil_defaultlib.cpuclk_clk_wiz
Compiling module xil_defaultlib.cpuclk
Compiling module blk_mem_gen_v8_4_7.blk_mem_gen_v8_4_7_output_stage(...
Compiling module blk_mem_gen_v8_4_7.blk_mem_gen_v8_4_7_softecc_outpu...
Compiling module blk_mem_gen_v8_4_7.blk_mem_gen_v8_4_7_mem_module(C_...
Compiling module blk_mem_gen_v8_4_7.blk_mem_gen_v8_4_7(C_FAMILY="art...
Compiling module xil_defaultlib.InstMem
Compiling module xil_defaultlib.IFetch
Compiling module xil_defaultlib.IFtoID
Compiling module xil_defaultlib.Controller
Compiling module xil_defaultlib.MUX
Compiling module xil_defaultlib.ALUControl
Compiling module xil_defaultlib.ALUMain
Compiling module xil_defaultlib.ALU
Compiling module xil_defaultlib.PC
Compiling module xil_defaultlib.ImmGen
Compiling module xil_defaultlib.WB
Compiling module xil_defaultlib.RegisterFile
Compiling module xil_defaultlib.Stall
Compiling module xil_defaultlib.ID
Compiling module xil_defaultlib.Forwarding
Compiling module xil_defaultlib.EXtoMEMorIFetch
Compiling module xil_defaultlib.MemOrIO
Compiling module blk_mem_gen_v8_4_7.blk_mem_gen_v8_4_7_mem_module(C_...
Compiling module blk_mem_gen_v8_4_7.blk_mem_gen_v8_4_7(C_FAMILY="art...
Compiling module xil_defaultlib.DRAM
Compiling module xil_defaultlib.DMem
Compiling module xil_defaultlib.MemtoWB
Compiling module xil_defaultlib.top
Compiling module xil_defaultlib.tb
Compiling module xil_defaultlib.glbl
Built simulation snapshot tb_behav
run_program: Time (s): cpu = 00:00:00 ; elapsed = 00:00:11 . Memory (MB): peak = 2643.590 ; gain = 0.000
INFO: [USF-XSim-69] 'elaborate' step finished in '11' seconds
INFO: [USF-XSim-4] XSim::Simulate design
INFO: [USF-XSim-61] Executing 'SIMULATE' step in 'D:/2024SPR/verilog/PipelineCPU/PipelineCPU.sim/sim_1/behav/xsim'
INFO: [USF-XSim-98] *** Running xsim
   with args "tb_behav -key {Behavioral:sim_1:Functional:tb} -tclbatch {tb.tcl} -log {simulate.log}"
INFO: [USF-XSim-8] Loading simulator feature
Time resolution is 1 ps
source tb.tcl
# set curr_wave [current_wave_config]
# if { [string length $curr_wave] == 0 } {
#   if { [llength [get_objects]] > 0} {
#     add_wave /
#     set_property needs_save false [current_wave_config]
#   } else {
#      send_msg_id Add_Wave-1 WARNING "No top level signals found. Simulator will start without a wave window. If you want to open a wave window go to 'File->New Waveform Configuration' or type 'create_wave_config' in the TCL console."
#   }
# }
# run 1000ns
 Block Memory Generator module loading initial data...
 Block Memory Generator data initialization complete.
Block Memory Generator module tb.dut.ifetch.imem.inst.\native_mem_module.blk_mem_gen_v8_4_7_inst  is using a behavioral model for simulation which will not precisely model memory collision behavior.
 Block Memory Generator module loading initial data...
 Block Memory Generator data initialization complete.
Block Memory Generator module tb.dut.dmem.udram.inst.\native_mem_module.blk_mem_gen_v8_4_7_inst  is using a behavioral model for simulation which will not precisely model memory collision behavior.
INFO: [USF-XSim-96] XSim completed. Design snapshot 'tb_behav' loaded.
INFO: [USF-XSim-97] XSim simulation ran for 1000ns
launch_simulation: Time (s): cpu = 00:00:01 ; elapsed = 00:00:18 . Memory (MB): peak = 2643.590 ; gain = 0.000
run all
reset_run synth_1
INFO: [Project 1-1161] Replacing file D:/2024SPR/verilog/PipelineCPU/PipelineCPU.srcs/utils_1/imports/synth_1/top.dcp with file D:/2024SPR/verilog/PipelineCPU/PipelineCPU.runs/synth_1/top.dcp
WARNING: [Vivado 12-1017] Problems encountered:
1. Failed to delete one or more files in run directory D:/2024SPR/verilog/PipelineCPU/PipelineCPU.runs/synth_1

launch_runs impl_1 -to_step write_bitstream -jobs 8
[Thu May 23 20:29:02 2024] Launched synth_1...
Run output will be captured here: D:/2024SPR/verilog/PipelineCPU/PipelineCPU.runs/synth_1/runme.log
[Thu May 23 20:29:02 2024] Launched impl_1...
Run output will be captured here: D:/2024SPR/verilog/PipelineCPU/PipelineCPU.runs/impl_1/runme.log
open_hw_manager
connect_hw_server -allow_non_jtag
INFO: [Labtools 27-2285] Connecting to hw_server url TCP:localhost:3121
INFO: [Labtools 27-2222] Launching hw_server...
INFO: [Labtools 27-2221] Launch Output:
ECHO 处于关闭状态。
ECHO 处于关闭状态。

****** Xilinx hw_server v2023.2
  **** Build date : Oct 13 2023 at 21:31:40
    ** Copyright 1986-2022 Xilinx, Inc. All Rights Reserved.


INFO: [Labtools 27-3415] Connecting to cs_server url TCP:localhost:0
INFO: [Labtools 27-3417] Launching cs_server...
INFO: [Labtools 27-2221] Launch Output:
ECHO 处于关闭状态。
ECHO 处于关闭状态。


******** Xilinx cs_server v2023.2.0
  ****** Build date   : Oct 10 2023-12:01:56
    **** Build number : 2023.2.1696910516
      ** Copyright 2017-2022 Xilinx, Inc. All Rights Reserved.
      ** Copyright 2022-2024 Advanced Micro Devices, Inc. All Rights Reserved.



connect_hw_server: Time (s): cpu = 00:00:00 ; elapsed = 00:00:07 . Memory (MB): peak = 2643.590 ; gain = 0.000
disconnect_hw_server localhost:3121
connect_hw_server -allow_non_jtag
INFO: [Labtools 27-2285] Connecting to hw_server url TCP:localhost:3121
INFO: [Labtools 27-3415] Connecting to cs_server url TCP:localhost:0
INFO: [Labtools 27-3417] Launching cs_server...
INFO: [Labtools 27-2221] Launch Output:
ECHO 处于关闭状态。
ECHO 处于关闭状态。


******** Xilinx cs_server v2023.2.0
  ****** Build date   : Oct 10 2023-12:01:56
    **** Build number : 2023.2.1696910516
      ** Copyright 2017-2022 Xilinx, Inc. All Rights Reserved.
      ** Copyright 2022-2024 Advanced Micro Devices, Inc. All Rights Reserved.



open_hw_target
INFO: [Labtoolstcl 44-466] Opening hw_target localhost:3121/xilinx_tcf/Xilinx/1234-tulA
set_property PROGRAM.FILE {D:/2024SPR/verilog/PipelineCPU/PipelineCPU.runs/impl_1/top.bit} [get_hw_devices xc7a35t_0]
current_hw_device [get_hw_devices xc7a35t_0]
refresh_hw_device -update_hw_probes false [lindex [get_hw_devices xc7a35t_0] 0]
INFO: [Labtools 27-1435] Device xc7a35t (JTAG device index = 0) is not programmed (DONE status = 0).
set_property PROBES.FILE {} [get_hw_devices xc7a35t_0]
set_property FULL_PROBES.FILE {} [get_hw_devices xc7a35t_0]
set_property PROGRAM.FILE {D:/2024SPR/verilog/PipelineCPU/PipelineCPU.runs/impl_1/top.bit} [get_hw_devices xc7a35t_0]
program_hw_devices [get_hw_devices xc7a35t_0]
INFO: [Labtools 27-3164] End of startup status: HIGH
refresh_hw_device [lindex [get_hw_devices xc7a35t_0] 0]
INFO: [Labtools 27-1434] Device xc7a35t (JTAG device index = 0) is programmed with a design that has no supported debug core(s) in it.
disconnect_hw_server
close_hw_manager
INFO: [Device 21-403] Loading part xc7a35tcsg324-1
set_property -dict [list \
  CONFIG.CLKOUT1_JITTER {137.681} \
  CONFIG.CLKOUT1_PHASE_ERROR {105.461} \
  CONFIG.CLKOUT1_REQUESTED_OUT_FREQ {100} \
  CONFIG.MMCM_CLKFBOUT_MULT_F {9} \
  CONFIG.MMCM_CLKOUT0_DIVIDE_F {9} \
  CONFIG.MMCM_DIVCLK_DIVIDE {1} \
] [get_ips cpuclk]
generate_target all [get_files  D:/2024SPR/verilog/PipelineCPU/PipelineCPU.srcs/sources_1/ip/cpuclk/cpuclk.xci]
INFO: [IP_Flow 19-1686] Generating 'Instantiation Template' target for IP 'cpuclk'...
INFO: [IP_Flow 19-1686] Generating 'Synthesis' target for IP 'cpuclk'...
INFO: [IP_Flow 19-1686] Generating 'Simulation' target for IP 'cpuclk'...
INFO: [IP_Flow 19-1686] Generating 'Implementation' target for IP 'cpuclk'...
INFO: [IP_Flow 19-1686] Generating 'Change Log' target for IP 'cpuclk'...
export_ip_user_files -of_objects [get_files D:/2024SPR/verilog/PipelineCPU/PipelineCPU.srcs/sources_1/ip/cpuclk/cpuclk.xci] -no_script -sync -force -quiet
export_simulation -of_objects [get_files D:/2024SPR/verilog/PipelineCPU/PipelineCPU.srcs/sources_1/ip/cpuclk/cpuclk.xci] -directory D:/2024SPR/verilog/PipelineCPU/PipelineCPU.ip_user_files/sim_scripts -ip_user_files_dir D:/2024SPR/verilog/PipelineCPU/PipelineCPU.ip_user_files -ipstatic_source_dir D:/2024SPR/verilog/PipelineCPU/PipelineCPU.ip_user_files/ipstatic -lib_map_path [list {modelsim=D:/2024SPR/verilog/PipelineCPU/PipelineCPU.cache/compile_simlib/modelsim} {questa=D:/2024SPR/verilog/PipelineCPU/PipelineCPU.cache/compile_simlib/questa} {riviera=D:/2024SPR/verilog/PipelineCPU/PipelineCPU.cache/compile_simlib/riviera} {activehdl=D:/2024SPR/verilog/PipelineCPU/PipelineCPU.cache/compile_simlib/activehdl}] -use_ip_compiled_libs -force -quiet
close_sim
INFO: [Simtcl 6-16] Simulation closed
launch_simulation
Command: launch_simulation 
INFO: [Vivado 12-12493] Simulation top is 'tb'
WARNING: [Vivado 12-13340] Unable to auto find GCC executables from simulator install path! (path not set)
INFO: [Vivado 12-5698] Checking validity of IPs in the design for the 'XSim' simulator...
INFO: [Vivado 12-5682] Launching behavioral simulation in 'D:/2024SPR/verilog/PipelineCPU/PipelineCPU.sim/sim_1/behav/xsim'
INFO: [Vivado 12-13660] Precompiled IP simulation library mode is enabled (default). The design IP libraries will be referenced from the compiled library path. Please note that if the precompiled version of the library is not found from the path or the IP is in locked state, then the library source files for these IPs will be compiled locally as part of the compile order.
INFO: [Vivado 12-4795] Using compiled simulation libraries for IPs
INFO: [SIM-utils-51] Simulation object is 'sim_1'
INFO: [SIM-utils-72] Using boost library from 'C:/Xilinx/Vivado/2023.2/tps/boost_1_72_0'
INFO: [USF-XSim-7] Finding pre-compiled libraries...
INFO: [USF-XSim-11] File 'C:/Xilinx/Vivado/2023.2/data/xsim/xsim.ini' copied to run dir:'D:/2024SPR/verilog/PipelineCPU/PipelineCPU.sim/sim_1/behav/xsim'
INFO: [SIM-utils-54] Inspecting design source files for 'tb' in fileset 'sim_1'...
INFO: [SIM-utils-43] Exported 'D:/2024SPR/verilog/PipelineCPU/PipelineCPU.sim/sim_1/behav/xsim/DRAM.mif'
INFO: [SIM-utils-43] Exported 'D:/2024SPR/verilog/PipelineCPU/PipelineCPU.sim/sim_1/behav/xsim/testram.coe'
INFO: [SIM-utils-43] Exported 'D:/2024SPR/verilog/PipelineCPU/PipelineCPU.sim/sim_1/behav/xsim/InstMem.mif'
INFO: [SIM-utils-43] Exported 'D:/2024SPR/verilog/PipelineCPU/PipelineCPU.sim/sim_1/behav/xsim/testrom.coe'
INFO: [USF-XSim-97] Finding global include files...
INFO: [USF-XSim-98] Fetching design files from 'sim_1'...
INFO: [USF-XSim-2] XSim::Compile design
INFO: [USF-XSim-61] Executing 'COMPILE and ANALYZE' step in 'D:/2024SPR/verilog/PipelineCPU/PipelineCPU.sim/sim_1/behav/xsim'
"xvlog --relax -prj tb_vlog.prj"
ECHO 处于关闭状态。
ECHO 处于关闭状态。
INFO: [VRFC 10-2263] Analyzing Verilog file "D:/2024SPR/verilog/PipelineCPU/PipelineCPU.gen/sources_1/ip/DRAM/sim/DRAM.v" into library xil_defaultlib
INFO: [VRFC 10-311] analyzing module DRAM
INFO: [VRFC 10-2263] Analyzing Verilog file "D:/2024SPR/verilog/PipelineCPU/PipelineCPU.gen/sources_1/ip/InstMem/sim/InstMem.v" into library xil_defaultlib
INFO: [VRFC 10-311] analyzing module InstMem
INFO: [VRFC 10-2263] Analyzing Verilog file "D:/2024SPR/verilog/PipelineCPU/PipelineCPU.gen/sources_1/ip/cpuclk/cpuclk_clk_wiz.v" into library xil_defaultlib
INFO: [VRFC 10-311] analyzing module cpuclk_clk_wiz
INFO: [VRFC 10-2263] Analyzing Verilog file "D:/2024SPR/verilog/PipelineCPU/PipelineCPU.gen/sources_1/ip/cpuclk/cpuclk.v" into library xil_defaultlib
INFO: [VRFC 10-311] analyzing module cpuclk
INFO: [VRFC 10-2263] Analyzing Verilog file "D:/2024SPR/verilog/PipelineCPU/PipelineCPU.srcs/sources_1/new/ALU.v" into library xil_defaultlib
INFO: [VRFC 10-311] analyzing module ALU
INFO: [VRFC 10-311] analyzing module MUX
INFO: [VRFC 10-311] analyzing module ALUControl
INFO: [VRFC 10-311] analyzing module ALUMain
INFO: [VRFC 10-2263] Analyzing Verilog file "D:/2024SPR/verilog/PipelineCPU/PipelineCPU.srcs/sources_1/new/DMem.v" into library xil_defaultlib
INFO: [VRFC 10-311] analyzing module DMem
INFO: [VRFC 10-2263] Analyzing Verilog file "D:/2024SPR/verilog/PipelineCPU/PipelineCPU.srcs/sources_1/new/EXtoMEMorIFetch.v" into library xil_defaultlib
INFO: [VRFC 10-311] analyzing module EXtoMEMorIFetch
INFO: [VRFC 10-2263] Analyzing Verilog file "D:/2024SPR/verilog/PipelineCPU/PipelineCPU.srcs/sources_1/new/Forwarding.v" into library xil_defaultlib
INFO: [VRFC 10-311] analyzing module Forwarding
INFO: [VRFC 10-2263] Analyzing Verilog file "D:/2024SPR/verilog/PipelineCPU/PipelineCPU.srcs/sources_1/new/ID.v" into library xil_defaultlib
INFO: [VRFC 10-311] analyzing module ID
INFO: [VRFC 10-311] analyzing module ImmGen
INFO: [VRFC 10-311] analyzing module RegisterFile
INFO: [VRFC 10-311] analyzing module WB
INFO: [VRFC 10-311] analyzing module Controller
INFO: [VRFC 10-311] analyzing module Stall
INFO: [VRFC 10-2263] Analyzing Verilog file "D:/2024SPR/verilog/PipelineCPU/PipelineCPU.srcs/sources_1/new/IFetch.v" into library xil_defaultlib
INFO: [VRFC 10-311] analyzing module IFetch
INFO: [VRFC 10-2263] Analyzing Verilog file "D:/2024SPR/verilog/PipelineCPU/PipelineCPU.srcs/sources_1/new/IFtoID.v" into library xil_defaultlib
INFO: [VRFC 10-311] analyzing module IFtoID
INFO: [VRFC 10-2263] Analyzing Verilog file "D:/2024SPR/verilog/PipelineCPU/PipelineCPU.srcs/sources_1/new/MemOrIO.v" into library xil_defaultlib
INFO: [VRFC 10-311] analyzing module MemOrIO
INFO: [VRFC 10-2263] Analyzing Verilog file "D:/2024SPR/verilog/PipelineCPU/PipelineCPU.srcs/sources_1/new/MemtoWB.v" into library xil_defaultlib
INFO: [VRFC 10-311] analyzing module MemtoWB
INFO: [VRFC 10-2263] Analyzing Verilog file "D:/2024SPR/verilog/PipelineCPU/PipelineCPU.srcs/sources_1/new/PC.v" into library xil_defaultlib
INFO: [VRFC 10-311] analyzing module PC
INFO: [VRFC 10-2263] Analyzing Verilog file "D:/2024SPR/verilog/PipelineCPU/PipelineCPU.srcs/sources_1/new/top.v" into library xil_defaultlib
INFO: [VRFC 10-311] analyzing module top
INFO: [VRFC 10-2263] Analyzing Verilog file "D:/2024SPR/verilog/PipelineCPU/PipelineCPU.srcs/sim_1/new/tb.v" into library xil_defaultlib
INFO: [VRFC 10-311] analyzing module tb
INFO: [VRFC 10-2263] Analyzing Verilog file "D:/2024SPR/verilog/PipelineCPU/PipelineCPU.sim/sim_1/behav/xsim/glbl.v" into library xil_defaultlib
INFO: [VRFC 10-311] analyzing module glbl
INFO: [USF-XSim-69] 'compile' step finished in '2' seconds
INFO: [USF-XSim-3] XSim::Elaborate design
INFO: [USF-XSim-61] Executing 'ELABORATE' step in 'D:/2024SPR/verilog/PipelineCPU/PipelineCPU.sim/sim_1/behav/xsim'
"xelab --debug typical --relax --mt 2 -L xil_defaultlib -L blk_mem_gen_v8_4_7 -L unisims_ver -L unimacro_ver -L secureip -L xpm --snapshot tb_behav xil_defaultlib.tb xil_defaultlib.glbl -log elaborate.log"
ECHO 处于关闭状态。
ECHO 处于关闭状态。
Vivado Simulator v2023.2
Copyright 1986-2022 Xilinx, Inc. All Rights Reserved.
Copyright 2022-2023 Advanced Micro Devices, Inc. All Rights Reserved.
Running: C:/Xilinx/Vivado/2023.2/bin/unwrapped/win64.o/xelab.exe --debug typical --relax --mt 2 -L xil_defaultlib -L blk_mem_gen_v8_4_7 -L unisims_ver -L unimacro_ver -L secureip -L xpm --snapshot tb_behav xil_defaultlib.tb xil_defaultlib.glbl -log elaborate.log 
Using 2 slave threads.
Starting static elaboration
Pass Through NonSizing Optimizer
WARNING: [VRFC 10-5021] port 'm_rdata' is not connected on this instance [D:/2024SPR/verilog/PipelineCPU/PipelineCPU.srcs/sources_1/new/top.v:101]
Completed static elaboration
Starting simulation data flow analysis
Completed simulation data flow analysis
Time Resolution for simulation is 1ps
Compiling module unisims_ver.IBUF
Compiling module unisims_ver.PLLE2_ADV(CLKFBOUT_MULT=9,CLKIN1...
Compiling module unisims_ver.BUFG
Compiling module xil_defaultlib.cpuclk_clk_wiz
Compiling module xil_defaultlib.cpuclk
Compiling module blk_mem_gen_v8_4_7.blk_mem_gen_v8_4_7_output_stage(...
Compiling module blk_mem_gen_v8_4_7.blk_mem_gen_v8_4_7_softecc_outpu...
Compiling module blk_mem_gen_v8_4_7.blk_mem_gen_v8_4_7_mem_module(C_...
Compiling module blk_mem_gen_v8_4_7.blk_mem_gen_v8_4_7(C_FAMILY="art...
Compiling module xil_defaultlib.InstMem
Compiling module xil_defaultlib.IFetch
Compiling module xil_defaultlib.IFtoID
Compiling module xil_defaultlib.Controller
Compiling module xil_defaultlib.MUX
Compiling module xil_defaultlib.ALUControl
Compiling module xil_defaultlib.ALUMain
Compiling module xil_defaultlib.ALU
Compiling module xil_defaultlib.PC
Compiling module xil_defaultlib.ImmGen
Compiling module xil_defaultlib.WB
Compiling module xil_defaultlib.RegisterFile
Compiling module xil_defaultlib.Stall
Compiling module xil_defaultlib.ID
Compiling module xil_defaultlib.Forwarding
Compiling module xil_defaultlib.EXtoMEMorIFetch
Compiling module xil_defaultlib.MemOrIO
Compiling module blk_mem_gen_v8_4_7.blk_mem_gen_v8_4_7_mem_module(C_...
Compiling module blk_mem_gen_v8_4_7.blk_mem_gen_v8_4_7(C_FAMILY="art...
Compiling module xil_defaultlib.DRAM
Compiling module xil_defaultlib.DMem
Compiling module xil_defaultlib.MemtoWB
Compiling module xil_defaultlib.top
Compiling module xil_defaultlib.tb
Compiling module xil_defaultlib.glbl
Built simulation snapshot tb_behav
run_program: Time (s): cpu = 00:00:00 ; elapsed = 00:00:11 . Memory (MB): peak = 2643.590 ; gain = 0.000
INFO: [USF-XSim-69] 'elaborate' step finished in '11' seconds
INFO: [USF-XSim-4] XSim::Simulate design
INFO: [USF-XSim-61] Executing 'SIMULATE' step in 'D:/2024SPR/verilog/PipelineCPU/PipelineCPU.sim/sim_1/behav/xsim'
INFO: [USF-XSim-98] *** Running xsim
   with args "tb_behav -key {Behavioral:sim_1:Functional:tb} -tclbatch {tb.tcl} -log {simulate.log}"
INFO: [USF-XSim-8] Loading simulator feature
Time resolution is 1 ps
source tb.tcl
# set curr_wave [current_wave_config]
# if { [string length $curr_wave] == 0 } {
#   if { [llength [get_objects]] > 0} {
#     add_wave /
#     set_property needs_save false [current_wave_config]
#   } else {
#      send_msg_id Add_Wave-1 WARNING "No top level signals found. Simulator will start without a wave window. If you want to open a wave window go to 'File->New Waveform Configuration' or type 'create_wave_config' in the TCL console."
#   }
# }
# run 1000ns
 Block Memory Generator module loading initial data...
 Block Memory Generator data initialization complete.
Block Memory Generator module tb.dut.ifetch.imem.inst.\native_mem_module.blk_mem_gen_v8_4_7_inst  is using a behavioral model for simulation which will not precisely model memory collision behavior.
 Block Memory Generator module loading initial data...
 Block Memory Generator data initialization complete.
Block Memory Generator module tb.dut.dmem.udram.inst.\native_mem_module.blk_mem_gen_v8_4_7_inst  is using a behavioral model for simulation which will not precisely model memory collision behavior.
INFO: [USF-XSim-96] XSim completed. Design snapshot 'tb_behav' loaded.
INFO: [USF-XSim-97] XSim simulation ran for 1000ns
launch_simulation: Time (s): cpu = 00:00:02 ; elapsed = 00:00:17 . Memory (MB): peak = 2643.590 ; gain = 0.000
run all
reset_run synth_1
INFO: [Project 1-1161] Replacing file D:/2024SPR/verilog/PipelineCPU/PipelineCPU.srcs/utils_1/imports/synth_1/top.dcp with file D:/2024SPR/verilog/PipelineCPU/PipelineCPU.runs/synth_1/top.dcp
WARNING: [Vivado 12-1017] Problems encountered:
1. Failed to delete one or more files in run directory D:/2024SPR/verilog/PipelineCPU/PipelineCPU.runs/synth_1

launch_runs impl_1 -to_step write_bitstream -jobs 8
[Thu May 23 20:37:41 2024] Launched synth_1...
Run output will be captured here: D:/2024SPR/verilog/PipelineCPU/PipelineCPU.runs/synth_1/runme.log
[Thu May 23 20:37:41 2024] Launched impl_1...
Run output will be captured here: D:/2024SPR/verilog/PipelineCPU/PipelineCPU.runs/impl_1/runme.log
open_hw_manager
connect_hw_server -allow_non_jtag
INFO: [Labtools 27-2285] Connecting to hw_server url TCP:localhost:3121
INFO: [Labtools 27-2222] Launching hw_server...
INFO: [Labtools 27-2221] Launch Output:
ECHO 处于关闭状态。
ECHO 处于关闭状态。

****** Xilinx hw_server v2023.2
  **** Build date : Oct 13 2023 at 21:31:40
    ** Copyright 1986-2022 Xilinx, Inc. All Rights Reserved.


INFO: [Labtools 27-3415] Connecting to cs_server url TCP:localhost:0
INFO: [Labtools 27-3417] Launching cs_server...
INFO: [Labtools 27-2221] Launch Output:
ECHO 处于关闭状态。
ECHO 处于关闭状态。


******** Xilinx cs_server v2023.2.0
  ****** Build date   : Oct 10 2023-12:01:56
    **** Build number : 2023.2.1696910516
      ** Copyright 2017-2022 Xilinx, Inc. All Rights Reserved.
      ** Copyright 2022-2024 Advanced Micro Devices, Inc. All Rights Reserved.



connect_hw_server: Time (s): cpu = 00:00:00 ; elapsed = 00:00:07 . Memory (MB): peak = 3200.883 ; gain = 0.000
open_hw_target
INFO: [Labtoolstcl 44-466] Opening hw_target localhost:3121/xilinx_tcf/Xilinx/1234-tulA
set_property PROGRAM.FILE {D:/2024SPR/verilog/PipelineCPU/PipelineCPU.runs/impl_1/top.bit} [get_hw_devices xc7a35t_0]
current_hw_device [get_hw_devices xc7a35t_0]
refresh_hw_device -update_hw_probes false [lindex [get_hw_devices xc7a35t_0] 0]
INFO: [Labtools 27-1435] Device xc7a35t (JTAG device index = 0) is not programmed (DONE status = 0).
set_property PROBES.FILE {} [get_hw_devices xc7a35t_0]
set_property FULL_PROBES.FILE {} [get_hw_devices xc7a35t_0]
set_property PROGRAM.FILE {D:/2024SPR/verilog/PipelineCPU/PipelineCPU.runs/impl_1/top.bit} [get_hw_devices xc7a35t_0]
program_hw_devices [get_hw_devices xc7a35t_0]
INFO: [Labtools 27-3164] End of startup status: HIGH
refresh_hw_device [lindex [get_hw_devices xc7a35t_0] 0]
INFO: [Labtools 27-1434] Device xc7a35t (JTAG device index = 0) is programmed with a design that has no supported debug core(s) in it.
disconnect_hw_server
close_sim
INFO: [Simtcl 6-16] Simulation closed
exit
INFO: [Common 17-206] Exiting Vivado at Thu May 23 20:51:03 2024...
