srcscan starts
INFO: analyzing module IFetch (VERI-9002)
INFO: analyzing module IFtoID (VERI-9002)
INFO: analyzing module top (VERI-9002)
INFO: analyzing module ID (VERI-9002)
C:/Users/Leon/AppData/Local/Temp/VivadoEditorAssist6547522164151672565.tmp(16): INFO: undeclared symbol 'funct3', assumed default net type 'wire' (VERI-2561)
C:/Users/Leon/AppData/Local/Temp/VivadoEditorAssist6547522164151672565.tmp(19): INFO: undeclared symbol 'funct7', assumed default net type 'wire' (VERI-2561)
C:/Users/Leon/AppData/Local/Temp/VivadoEditorAssist6547522164151672565.tmp(30):INFO: analyzing module ID (VERI-9002)
C:/Users/Leon/AppData/Local/Temp/VivadoEditorAssist6547522164151672565.tmp(16): INFO: undeclared symbol 'funct3', assumed default net type 'wire' (VERI-2561)
C:/Users/Leon/AppData/Local/Temp/VivadoEditorAssist6547522164151672565.tmp(19): INFO: undeclared symbol 'funct7', assumed default net type 'wire' (VERI-2561)
C:/Users/Leon/AppData/Local/Temp/VivadoEditorAssist6547522164151672565.tmp(30): INFO: undeclared symbol 'Branch', assumed default net type 'wire' (VERI-2561)
C:/Users/Leon/AppData/Local/Temp/VivadoEditorAssist6547522164151672565.tmp(31): INFO: undeclared symbol 'Zero', assumed default net type 'wire' (VERI-2561)
C:/Users/Leon/AppData/Local/Temp/VivadoEditorAssist6547522164151672565.tmp(47): INFO: undeclared symbol 'ALUSrc', assumed default net type 'wire' (VERI-2561)
C:/Users/Leon/AppData/Local/Temp/VivadoEditorAssist6547522164151672565.tmp(54): INFO: unINFO: analyzing module RegisterFile (VERI-9002)
INFO: analyzing module WB (VERI-9002)
INFO: analyzing module Controller (VERI-9002)
INFO: analyzing module PC (VERI-9002)
INFO: analyzing module ALU (VERI-9002)
INFO: analyzing module MUX (VERI-9002)
INFO: analyzing module ALUControl (VERI-9002)
INFO: analyzing module ALUMain (VERI-9002)
INFO: analyzing module EXtoMEMorIFetch (VERI-9002)
srcscan exits with return value 0
2)
INFO: analyzing module RegisterFile (VERI-9002)
INFO: analyzing module WB (VERI-9002)
INFO: analyzing module Controller (VERI-9002)
INFO: analyzing module PC (VERI-9002)
INFO: analyzing module ALU (VERI-9002)
INFO: analyzing module MUX (VERI-9002)
INFO: analyzing module ALUControl (VERI-9002)
INFO: analyzing module ALUMain (VERI-9002)
INFO: analyzing module EXtoMEMorIFetch (VERI-9002)
srcscan exits with return value 0
