srcscan starts
srcscan exits with return value 0
02)
INFO: analyzing module MUX (VERI-9002)
INFO: analyzing module ALUControl (VERI-9002)
INFO: analyzing module ALUMain (VERI-9002)
INFO: analyzing module DMem (VERI-9002)
INFO: anasrcscan exits with return value 0
-9002)
INFO: analyzing module Forwarding (VERI-9002)
INFO: analyzing module ID (VERI-9002)
C:/Users/Leon/AppData/Local/Temp/VivadoEditorAssist10343243388402106056.tmp(101): INFO: undeclared symbol 'Branch', assumed default net type 'wire' (VERI-2561)
C:/Users/Leon/AppData/Local/Temp/VivadoEditorAssist10343243388402106056.tmp(116): INFO: undeclared symbol 'Zero', assumed default net type 'wire' (VERI-2561)
INFO: analyzing module ImmGen (VERI-9002)
INFO: analyzing module RegisterFile (VERI-9002)
INFO: analyzing module WB (VERI-9002)
INFO: analyzing module Controller (VERI-9002)
INFO: analyzing module Stall (VERI-9002)
INFO: analyzing module IFetch (VERI-9002)
INFO: analyzing module IFtoID (VERI-9002)
INFO: analyzing module MemOrIO (VERI-9002)
INFO: analyzing module MemtoWB (VERI-9002)
INFO: analyzing module PC (VERI-9002)
INFO: analyzing module top (VERI-9002)
C:/Users/Leon/AppData/Local/Temp/VivadoEditorAssist6026189468696461727.tmp(45): INFO: undeclared symbol 'newRegWrite2', assumed default net type 'wire' (VERI-2561)
C:/Users/Leon/AppData/Local/Temp/VivadoEditorAssist6026189468696461727.tmp(45): INFO: undeclared symbol 'newMemtoReg2', assumed default net type 'wire' (VERI-2561)
C:/Users/Leon/AppData/Local/Temp/VivadoEditorAssist6026189468696461727.tmp(54): INFO: undeclared symbol 'forward1', assumed default net type 'wire' (VERI-2561)
C:/Users/Leon/AppData/Local/Temp/VivadoEditorAssist6026189468696461727.tmp(57): INFO: undeclared symbol 'forward2', assumed default net type 'wire' (VERI-2561)
C:/Users/Leon/AppData/Local/Temp/VivadoEditorAssist6026189468696461727.tmp(97): WARNING: data object 'newdout' is already declared (VERI-2170)
C:/Users/Leon/AppData/Local/Temp/VivadoEditorAssist6026189468696461727.tmp(34): INFO: previous declaration of 'newdout' is from here (VERI-1967)
C:/Users/Leon/AppData/Local/Temp/VivadoEditorAssist6026189468696461727.tmp(97): WARNING: second declaration of 'newdout' is ignored (VERI-1329)
C:/Users/Leon/AppData/Local/Temp/VivadoEditorAssist6026189468696461727.tmp(106): INFO: undeclared symbol 'mRead', assumed default net type 'wire' (VERI-2561)
C:/Users/Leon/AppData/Local/Temp/VivadoEditorAssist6026189468696461727.tmp(107): INFO: undeclared symbol 'mWrite', assumed default net type 'wire' (VERI-2561)
C:/Users/Leon/AppData/Local/Temp/VivadoEditorAssist6026189468696461727.tmp(110): INFO: undeclared symbol 'SwitchCtrl', assumed default net type 'wire' (VERI-2561)
INFO: analyzing module tv (VERI-9002)
srcscan exits with return value 0
