#-----------------------------------------------------------
# Vivado v2017.4 (64-bit)
# SW Build 2086221 on Fri Dec 15 20:55:39 MST 2017
# IP Build 2085800 on Fri Dec 15 22:25:07 MST 2017
# Start of session at: Sat Jun  1 11:37:53 2024
# Process ID: 36244
# Current directory: D:/vivado/CPU_project-master
# Command line: vivado.exe -gui_launcher_event rodinguilauncherevent22696 D:\vivado\CPU_project-master\CPU_project.xpr
# Log file: D:/vivado/CPU_project-master/vivado.log
# Journal file: D:/vivado/CPU_project-master\vivado.jou
#-----------------------------------------------------------
start_gui
open_project D:/vivado/CPU_project-master/CPU_project.xpr
Scanning sources...
Finished scanning sources
INFO: [IP_Flow 19-234] Refreshing IP repositories
INFO: [IP_Flow 19-1700] Loaded user IP repository 'c:/Users/¼û/Desktop/uart_tools/uart_tools/SEU_CSE_507_user_uart_bmpg_1.3'.
INFO: [IP_Flow 19-2313] Loaded Vivado IP repository 'D:/software/vivado/Vivado/2017.4/data/ip'.
open_project: Time (s): cpu = 00:00:06 ; elapsed = 00:00:10 . Memory (MB): peak = 811.176 ; gain = 71.746
update_compile_order -fileset sources_1
exit
INFO: [Common 17-206] Exiting Vivado at Sat Jun  1 11:42:29 2024...
